Build started 18/10/2014 1:11:43 AM.
     1>Project "D:\2014 - 2015 Sem1\CS3201\CAP\CS3201\EmptyGeneralTesting\UnitTesting\UnitTesting.vcxproj" on node 2 (build target(s)).
     1>InitializeBuildStatus:
         Creating "Release\UnitTesting.unsuccessfulbuild" because "AlwaysCreate" was specified.
       ClCompile:
         All outputs are up-to-date.
         c:\Program Files (x86)\Microsoft Visual Studio 10.0\VC\bin\CL.exe /c /I"D:\2014 - 2015 Sem1\CS3201\Tools Lab\cppunit-1.12.1\include" /I"D:\2014 - 2015 Sem1\CS3201\CAP\CS3201\EmptyGeneralTesting\source" /I"D:\2014 - 2015 Sem1\CS3201\CAP\CS3201\EmptyGeneralTesting\include" /Zi /nologo /W3 /WX- /O2 /Oi /Oy- /GL /D _MBCS /Gm- /EHsc /MDd /GS /Gy /fp:precise /Zc:wchar_t /Zc:forScope /Fo"Release\\" /Fd"Release\vc100.pdb" /Gd /TP /analyze- /errorReport:prompt source\UnitTest.cpp
         UnitTest.cpp
       Link:
         c:\Program Files (x86)\Microsoft Visual Studio 10.0\VC\bin\link.exe /ERRORREPORT:PROMPT /OUT:"D:\2014 - 2015 Sem1\CS3201\CAP\CS3201\EmptyGeneralTesting\Release\UnitTesting.exe" /NOLOGO "D:\2014 - 2015 Sem1\CS3201\CAP\CS3201\EmptyGeneralTesting\lib\cppunit.lib" "D:\2014 - 2015 Sem1\CS3201\CAP\CS3201\EmptyGeneralTesting\Release\SPA.lib" kernel32.lib user32.lib gdi32.lib winspool.lib comdlg32.lib advapi32.lib shell32.lib ole32.lib oleaut32.lib uuid.lib odbc32.lib odbccp32.lib /MANIFEST /ManifestFile:"Release\UnitTesting.exe.intermediate.manifest" /MANIFESTUAC:"level='asInvoker' uiAccess='false'" /DEBUG /PDB:"D:\2014 - 2015 Sem1\CS3201\CAP\CS3201\EmptyGeneralTesting\Release\UnitTesting.pdb" /OPT:REF /OPT:ICF /LTCG /TLBID:1 /DYNAMICBASE /NXCOMPAT /IMPLIB:"D:\2014 - 2015 Sem1\CS3201\CAP\CS3201\EmptyGeneralTesting\Release\UnitTesting.lib" /MACHINE:X86 Release\UnitTest.obj
     1>cppunit.lib(TestRunner.obj) : error LNK2038: mismatch detected for '_ITERATOR_DEBUG_LEVEL': value '0' doesn't match value '2' in UnitTest.obj
     1>cppunit.lib(TestSuite.obj) : error LNK2038: mismatch detected for '_ITERATOR_DEBUG_LEVEL': value '0' doesn't match value '2' in UnitTest.obj
     1>cppunit.lib(TextTestRunner.obj) : error LNK2038: mismatch detected for '_ITERATOR_DEBUG_LEVEL': value '0' doesn't match value '2' in UnitTest.obj
     1>cppunit.lib(TestFactoryRegistry.obj) : error LNK2038: mismatch detected for '_ITERATOR_DEBUG_LEVEL': value '0' doesn't match value '2' in UnitTest.obj
     1>cppunit.lib(TestPath.obj) : error LNK2038: mismatch detected for '_ITERATOR_DEBUG_LEVEL': value '0' doesn't match value '2' in UnitTest.obj
     1>cppunit.lib(TestComposite.obj) : error LNK2038: mismatch detected for '_ITERATOR_DEBUG_LEVEL': value '0' doesn't match value '2' in UnitTest.obj
     1>cppunit.lib(Test.obj) : error LNK2038: mismatch detected for '_ITERATOR_DEBUG_LEVEL': value '0' doesn't match value '2' in UnitTest.obj
     1>cppunit.lib(TextOutputter.obj) : error LNK2038: mismatch detected for '_ITERATOR_DEBUG_LEVEL': value '0' doesn't match value '2' in UnitTest.obj
     1>cppunit.lib(TestResult.obj) : error LNK2038: mismatch detected for '_ITERATOR_DEBUG_LEVEL': value '0' doesn't match value '2' in UnitTest.obj
     1>cppunit.lib(TestResultCollector.obj) : error LNK2038: mismatch detected for '_ITERATOR_DEBUG_LEVEL': value '0' doesn't match value '2' in UnitTest.obj
     1>cppunit.lib(TextTestProgressListener.obj) : error LNK2038: mismatch detected for '_ITERATOR_DEBUG_LEVEL': value '0' doesn't match value '2' in UnitTest.obj
     1>cppunit.lib(SourceLine.obj) : error LNK2038: mismatch detected for '_ITERATOR_DEBUG_LEVEL': value '0' doesn't match value '2' in UnitTest.obj
     1>cppunit.lib(Message.obj) : error LNK2038: mismatch detected for '_ITERATOR_DEBUG_LEVEL': value '0' doesn't match value '2' in UnitTest.obj
     1>cppunit.lib(Exception.obj) : error LNK2038: mismatch detected for '_ITERATOR_DEBUG_LEVEL': value '0' doesn't match value '2' in UnitTest.obj
     1>cppunit.lib(Protector.obj) : error LNK2038: mismatch detected for '_ITERATOR_DEBUG_LEVEL': value '0' doesn't match value '2' in UnitTest.obj
     1>cppunit.lib(ProtectorChain.obj) : error LNK2038: mismatch detected for '_ITERATOR_DEBUG_LEVEL': value '0' doesn't match value '2' in UnitTest.obj
     1>cppunit.lib(DefaultProtector.obj) : error LNK2038: mismatch detected for '_ITERATOR_DEBUG_LEVEL': value '0' doesn't match value '2' in UnitTest.obj
     1>cppunit.lib(TestFailure.obj) : error LNK2038: mismatch detected for '_ITERATOR_DEBUG_LEVEL': value '0' doesn't match value '2' in UnitTest.obj
     1>cppunit.lib(TypeInfoHelper.obj) : error LNK2038: mismatch detected for '_ITERATOR_DEBUG_LEVEL': value '0' doesn't match value '2' in UnitTest.obj
     1>msvcprtd.lib(MSVCP100D.dll) : error LNK2005: "public: void __thiscall std::_Container_base12::_Orphan_all(void)" (?_Orphan_all@_Container_base12@std@@QAEXXZ) already defined in cppunit.lib(TestPath.obj)
     1>msvcprtd.lib(MSVCP100D.dll) : error LNK2005: "public: __thiscall std::_Container_base12::~_Container_base12(void)" (??1_Container_base12@std@@QAE@XZ) already defined in cppunit.lib(TestPath.obj)
     1>msvcprtd.lib(MSVCP100D.dll) : error LNK2005: "public: __thiscall std::_Container_base12::_Container_base12(void)" (??0_Container_base12@std@@QAE@XZ) already defined in cppunit.lib(TestPath.obj)
     1>msvcprtd.lib(MSVCP100D.dll) : error LNK2005: "public: class std::locale::facet * __thiscall std::locale::facet::_Decref(void)" (?_Decref@facet@locale@std@@QAEPAV123@XZ) already defined in cppunit.lib(TextTestRunner.obj)
     1>libcpmt.lib(locale0.obj) : error LNK2038: mismatch detected for '_ITERATOR_DEBUG_LEVEL': value '0' doesn't match value '2' in UnitTest.obj
     1>libcpmt.lib(locale0.obj) : error LNK2005: "private: static void __cdecl std::locale::facet::_Facet_Register(class std::locale::facet *)" (?_Facet_Register@facet@locale@std@@CAXPAV123@@Z) already defined in msvcprtd.lib(locale0_implib.obj)
     1>libcpmt.lib(locale0.obj) : error LNK2005: "private: static class std::locale::_Locimp * __cdecl std::locale::_Getgloballocale(void)" (?_Getgloballocale@locale@std@@CAPAV_Locimp@12@XZ) already defined in msvcprtd.lib(MSVCP100D.dll)
     1>libcpmt.lib(locale0.obj) : error LNK2005: "public: static void __cdecl std::_Locinfo::_Locinfo_dtor(class std::_Locinfo *)" (?_Locinfo_dtor@_Locinfo@std@@SAXPAV12@@Z) already defined in msvcprtd.lib(MSVCP100D.dll)
     1>libcpmt.lib(locale0.obj) : error LNK2005: "public: static void __cdecl std::_Locinfo::_Locinfo_ctor(class std::_Locinfo *,char const *)" (?_Locinfo_ctor@_Locinfo@std@@SAXPAV12@PBD@Z) already defined in msvcprtd.lib(MSVCP100D.dll)
     1>libcpmt.lib(cout.obj) : error LNK2038: mismatch detected for '_ITERATOR_DEBUG_LEVEL': value '0' doesn't match value '2' in UnitTest.obj
     1>libcpmt.lib(cin.obj) : error LNK2038: mismatch detected for '_ITERATOR_DEBUG_LEVEL': value '0' doesn't match value '2' in UnitTest.obj
     1>libcpmt.lib(iosptrs.obj) : error LNK2038: mismatch detected for '_ITERATOR_DEBUG_LEVEL': value '0' doesn't match value '2' in UnitTest.obj
     1>libcpmt.lib(ios.obj) : error LNK2038: mismatch detected for '_ITERATOR_DEBUG_LEVEL': value '0' doesn't match value '2' in UnitTest.obj
     1>libcpmt.lib(xmutex.obj) : error LNK2038: mismatch detected for '_ITERATOR_DEBUG_LEVEL': value '0' doesn't match value '2' in UnitTest.obj
     1>libcpmt.lib(xlock.obj) : error LNK2038: mismatch detected for '_ITERATOR_DEBUG_LEVEL': value '0' doesn't match value '2' in UnitTest.obj
     1>libcpmt.lib(xlock.obj) : error LNK2005: "public: __thiscall std::_Lockit::_Lockit(int)" (??0_Lockit@std@@QAE@H@Z) already defined in msvcprtd.lib(MSVCP100D.dll)
     1>libcpmt.lib(xlock.obj) : error LNK2005: "public: __thiscall std::_Lockit::~_Lockit(void)" (??1_Lockit@std@@QAE@XZ) already defined in msvcprtd.lib(MSVCP100D.dll)
     1>LIBCMT.lib(setlocal.obj) : error LNK2005: __configthreadlocale already defined in MSVCRTD.lib(MSVCR100D.dll)
     1>LIBCMT.lib(invarg.obj) : error LNK2005: __invoke_watson already defined in MSVCRTD.lib(MSVCR100D.dll)
     1>LIBCMT.lib(lconv.obj) : error LNK2005: _localeconv already defined in MSVCRTD.lib(MSVCR100D.dll)
     1>LIBCMT.lib(crt0dat.obj) : error LNK2005: __initterm_e already defined in MSVCRTD.lib(MSVCR100D.dll)
     1>LIBCMT.lib(crt0dat.obj) : error LNK2005: _exit already defined in MSVCRTD.lib(MSVCR100D.dll)
     1>LIBCMT.lib(crt0dat.obj) : error LNK2005: __exit already defined in MSVCRTD.lib(MSVCR100D.dll)
     1>LIBCMT.lib(crt0dat.obj) : error LNK2005: __cexit already defined in MSVCRTD.lib(MSVCR100D.dll)
     1>LIBCMT.lib(crt0dat.obj) : error LNK2005: __amsg_exit already defined in MSVCRTD.lib(MSVCR100D.dll)
     1>LIBCMT.lib(mlock.obj) : error LNK2005: __unlock already defined in MSVCRTD.lib(MSVCR100D.dll)
     1>LIBCMT.lib(mlock.obj) : error LNK2005: __lock already defined in MSVCRTD.lib(MSVCR100D.dll)
     1>LIBCMT.lib(winxfltr.obj) : error LNK2005: __XcptFilter already defined in MSVCRTD.lib(MSVCR100D.dll)
     1>LIBCMT.lib(hooks.obj) : error LNK2005: "void __cdecl terminate(void)" (?terminate@@YAXXZ) already defined in MSVCRTD.lib(MSVCR100D.dll)
     1>LIBCMT.lib(crt0init.obj) : error LNK2005: ___xi_a already defined in MSVCRTD.lib(cinitexe.obj)
     1>LIBCMT.lib(crt0init.obj) : error LNK2005: ___xi_z already defined in MSVCRTD.lib(cinitexe.obj)
     1>LIBCMT.lib(crt0init.obj) : error LNK2005: ___xc_a already defined in MSVCRTD.lib(cinitexe.obj)
     1>LIBCMT.lib(crt0init.obj) : error LNK2005: ___xc_z already defined in MSVCRTD.lib(cinitexe.obj)
     1>LIBCMT.lib(crt0.obj) : error LNK2005: _mainCRTStartup already defined in MSVCRTD.lib(crtexe.obj)
     1>LIBCMT.lib(errmode.obj) : error LNK2005: ___set_app_type already defined in MSVCRTD.lib(MSVCR100D.dll)
     1>LINK : warning LNK4098: defaultlib 'MSVCRTD' conflicts with use of other libs; use /NODEFAULTLIB:library
     1>LINK : warning LNK4098: defaultlib 'LIBCMT' conflicts with use of other libs; use /NODEFAULTLIB:library
     1>D:\2014 - 2015 Sem1\CS3201\CAP\CS3201\EmptyGeneralTesting\Release\UnitTesting.exe : fatal error LNK1169: one or more multiply defined symbols found
     1>Done Building Project "D:\2014 - 2015 Sem1\CS3201\CAP\CS3201\EmptyGeneralTesting\UnitTesting\UnitTesting.vcxproj" (build target(s)) -- FAILED.

Build FAILED.

Time Elapsed 00:00:01.22
