Build started 21/10/2014 2:23:48 PM.
     1>Project "D:\2014 - 2015 Sem1\CS3201\CAP\CS3201\EmptyGeneralTesting\AutoTester\AutoTester.vcxproj" on node 4 (build target(s)).
     1>InitializeBuildStatus:
         Creating "Debug\AutoTester.unsuccessfulbuild" because "AlwaysCreate" was specified.
       ClCompile:
         All outputs are up-to-date.
       ManifestResourceCompile:
         All outputs are up-to-date.
       Link:
         c:\Program Files (x86)\Microsoft Visual Studio 10.0\VC\bin\link.exe /ERRORREPORT:PROMPT /OUT:"D:\2014 - 2015 Sem1\CS3201\CAP\CS3201\EmptyGeneralTesting\Debug\AutoTester.exe" /INCREMENTAL /NOLOGO "D:\2014 - 2015 Sem1\CS3201\CAP\CS3201\EmptyGeneralTesting\lib\AutoTester_debug.lib" "D:\2014 - 2015 Sem1\CS3201\CAP\CS3201\EmptyGeneralTesting\Debug\SPA.lib" kernel32.lib user32.lib gdi32.lib winspool.lib comdlg32.lib advapi32.lib shell32.lib ole32.lib oleaut32.lib uuid.lib odbc32.lib odbccp32.lib /MANIFEST /ManifestFile:"Debug\AutoTester.exe.intermediate.manifest" /MANIFESTUAC:"level='asInvoker' uiAccess='false'" /DEBUG /PDB:"D:\2014 - 2015 Sem1\CS3201\CAP\CS3201\EmptyGeneralTesting\Debug\AutoTester.pdb" /SUBSYSTEM:CONSOLE /TLBID:1 /DYNAMICBASE /NXCOMPAT /IMPLIB:"D:\2014 - 2015 Sem1\CS3201\CAP\CS3201\EmptyGeneralTesting\Debug\AutoTester.lib" /MACHINE:X86 Debug\AutoTester.exe.embed.manifest.res
         Debug\TestWrapper.obj
         LINK : D:\2014 - 2015 Sem1\CS3201\CAP\CS3201\EmptyGeneralTesting\Debug\AutoTester.exe not found or not built by the last incremental link; performing full link
     1>SPA.lib(TestVarTable.obj) : error LNK2038: mismatch detected for '_MSC_VER': value '1800' doesn't match value '1600' in TestWrapper.obj
     1>SPA.lib(VarTable.obj) : error LNK2038: mismatch detected for '_MSC_VER': value '1800' doesn't match value '1600' in TestWrapper.obj
     1>SPA.lib(TestVarTable.obj) : error LNK2019: unresolved external symbol "void __cdecl std::_Xbad_alloc(void)" (?_Xbad_alloc@std@@YAXXZ) referenced in function "char * __cdecl std::_Allocate<char>(unsigned int,char *)" (??$_Allocate@D@std@@YAPADIPAD@Z)
     1>SPA.lib(VarTable.obj) : error LNK2001: unresolved external symbol "void __cdecl std::_Xbad_alloc(void)" (?_Xbad_alloc@std@@YAXXZ)
     1>SPA.lib(TestVarTable.obj) : error LNK2019: unresolved external symbol "void __cdecl std::_Facet_Register(class std::_Facet_base *)" (?_Facet_Register@std@@YAXPAV_Facet_base@1@@Z) referenced in function "class std::ctype<char> const & __cdecl std::use_facet<class std::ctype<char> >(class std::locale const &)" (??$use_facet@V?$ctype@D@std@@@std@@YAABV?$ctype@D@0@ABVlocale@0@@Z)
     1>SPA.lib(TestVarTable.obj) : error LNK2019: unresolved external symbol "private: static class std::locale::_Locimp * __cdecl std::locale::_Init(bool)" (?_Init@locale@std@@CAPAV_Locimp@12@_N@Z) referenced in function "public: __thiscall std::locale::locale(void)" (??0locale@std@@QAE@XZ)
     1>SPA.lib(TestVarTable.obj) : error LNK2019: unresolved external symbol "char const * __cdecl std::_Syserror_map(int)" (?_Syserror_map@std@@YAPBDH@Z) referenced in function "public: virtual class std::error_condition __thiscall std::_System_error_category::default_error_condition(int)const " (?default_error_condition@_System_error_category@std@@UBE?AVerror_condition@2@H@Z)
     1>SPA.lib(VarTable.obj) : error LNK2001: unresolved external symbol "char const * __cdecl std::_Syserror_map(int)" (?_Syserror_map@std@@YAPBDH@Z)
     1>SPA.lib(TestVarTable.obj) : error LNK2019: unresolved external symbol "char const * __cdecl std::_Winerror_map(int)" (?_Winerror_map@std@@YAPBDH@Z) referenced in function "public: virtual class std::basic_string<char,struct std::char_traits<char>,class std::allocator<char> > __thiscall std::_System_error_category::message(int)const " (?message@_System_error_category@std@@UBE?AV?$basic_string@DU?$char_traits@D@std@@V?$allocator@D@2@@2@H@Z)
     1>SPA.lib(VarTable.obj) : error LNK2001: unresolved external symbol "char const * __cdecl std::_Winerror_map(int)" (?_Winerror_map@std@@YAPBDH@Z)
     1>SPA.lib(TestVarTable.obj) : error LNK2019: unresolved external symbol "public: __thiscall CppUnit::SourceLine::SourceLine(class std::basic_string<char,struct std::char_traits<char>,class std::allocator<char> > const &,int)" (??0SourceLine@CppUnit@@QAE@ABV?$basic_string@DU?$char_traits@D@std@@V?$allocator@D@2@@std@@H@Z) referenced in function "public: void __thiscall VarTableTest::testConstructor(void)" (?testConstructor@VarTableTest@@QAEXXZ)
     1>SPA.lib(TestVarTable.obj) : error LNK2019: unresolved external symbol "public: virtual __thiscall CppUnit::SourceLine::~SourceLine(void)" (??1SourceLine@CppUnit@@UAE@XZ) referenced in function "void __cdecl CppUnit::assertEquals<int>(int const &,int const &,class CppUnit::SourceLine,class std::basic_string<char,struct std::char_traits<char>,class std::allocator<char> > const &)" (??$assertEquals@H@CppUnit@@YAXABH0VSourceLine@0@ABV?$basic_string@DU?$char_traits@D@std@@V?$allocator@D@2@@std@@@Z)
     1>SPA.lib(TestVarTable.obj) : error LNK2001: unresolved external symbol "public: virtual class CppUnit::Test * __thiscall CppUnit::Test::getChildTestAt(int)const " (?getChildTestAt@Test@CppUnit@@UBEPAV12@H@Z)
     1>SPA.lib(TestVarTable.obj) : error LNK2001: unresolved external symbol "public: virtual bool __thiscall CppUnit::Test::findTestPath(class std::basic_string<char,struct std::char_traits<char>,class std::allocator<char> > const &,class CppUnit::TestPath &)const " (?findTestPath@Test@CppUnit@@UBE_NABV?$basic_string@DU?$char_traits@D@std@@V?$allocator@D@2@@std@@AAVTestPath@2@@Z)
     1>SPA.lib(TestVarTable.obj) : error LNK2001: unresolved external symbol "public: virtual bool __thiscall CppUnit::Test::findTestPath(class CppUnit::Test const *,class CppUnit::TestPath &)const " (?findTestPath@Test@CppUnit@@UBE_NPBV12@AAVTestPath@2@@Z)
     1>SPA.lib(TestVarTable.obj) : error LNK2001: unresolved external symbol "public: virtual class CppUnit::Test * __thiscall CppUnit::Test::findTest(class std::basic_string<char,struct std::char_traits<char>,class std::allocator<char> > const &)const " (?findTest@Test@CppUnit@@UBEPAV12@ABV?$basic_string@DU?$char_traits@D@std@@V?$allocator@D@2@@std@@@Z)
     1>SPA.lib(TestVarTable.obj) : error LNK2001: unresolved external symbol "public: virtual class CppUnit::TestPath __thiscall CppUnit::Test::resolveTestPath(class std::basic_string<char,struct std::char_traits<char>,class std::allocator<char> > const &)const " (?resolveTestPath@Test@CppUnit@@UBE?AVTestPath@2@ABV?$basic_string@DU?$char_traits@D@std@@V?$allocator@D@2@@std@@@Z)
     1>SPA.lib(TestVarTable.obj) : error LNK2001: unresolved external symbol "protected: virtual void __thiscall CppUnit::Test::checkIsValidIndex(int)const " (?checkIsValidIndex@Test@CppUnit@@MBEXH@Z)
     1>SPA.lib(TestVarTable.obj) : error LNK2001: unresolved external symbol "public: virtual int __thiscall CppUnit::TestLeaf::countTestCases(void)const " (?countTestCases@TestLeaf@CppUnit@@UBEHXZ)
     1>SPA.lib(TestVarTable.obj) : error LNK2001: unresolved external symbol "public: virtual int __thiscall CppUnit::TestLeaf::getChildTestCount(void)const " (?getChildTestCount@TestLeaf@CppUnit@@UBEHXZ)
     1>SPA.lib(TestVarTable.obj) : error LNK2001: unresolved external symbol "public: virtual class CppUnit::Test * __thiscall CppUnit::TestLeaf::doGetChildTestAt(int)const " (?doGetChildTestAt@TestLeaf@CppUnit@@UBEPAVTest@2@H@Z)
     1>SPA.lib(TestVarTable.obj) : error LNK2019: unresolved external symbol "public: __thiscall CppUnit::AdditionalMessage::AdditionalMessage(class std::basic_string<char,struct std::char_traits<char>,class std::allocator<char> > const &)" (??0AdditionalMessage@CppUnit@@QAE@ABV?$basic_string@DU?$char_traits@D@std@@V?$allocator@D@2@@std@@@Z) referenced in function "void __cdecl CppUnit::assertEquals<int>(int const &,int const &,class CppUnit::SourceLine,class std::basic_string<char,struct std::char_traits<char>,class std::allocator<char> > const &)" (??$assertEquals@H@CppUnit@@YAXABH0VSourceLine@0@ABV?$basic_string@DU?$char_traits@D@std@@V?$allocator@D@2@@std@@@Z)
     1>SPA.lib(TestVarTable.obj) : error LNK2019: unresolved external symbol "public: static void __cdecl CppUnit::Asserter::failNotEqual(class std::basic_string<char,struct std::char_traits<char>,class std::allocator<char> >,class std::basic_string<char,struct std::char_traits<char>,class std::allocator<char> >,class CppUnit::SourceLine const &,class CppUnit::AdditionalMessage const &,class std::basic_string<char,struct std::char_traits<char>,class std::allocator<char> >)" (?failNotEqual@Asserter@CppUnit@@SAXV?$basic_string@DU?$char_traits@D@std@@V?$allocator@D@2@@std@@0ABVSourceLine@2@ABVAdditionalMessage@2@0@Z) referenced in function "void __cdecl CppUnit::assertEquals<int>(int const &,int const &,class CppUnit::SourceLine,class std::basic_string<char,struct std::char_traits<char>,class std::allocator<char> > const &)" (??$assertEquals@H@CppUnit@@YAXABH0VSourceLine@0@ABV?$basic_string@DU?$char_traits@D@std@@V?$allocator@D@2@@std@@@Z)
     1>SPA.lib(TestVarTable.obj) : error LNK2019: unresolved external symbol "public: __thiscall CppUnit::TestCase::TestCase(class std::basic_string<char,struct std::char_traits<char>,class std::allocator<char> > const &)" (??0TestCase@CppUnit@@QAE@ABV?$basic_string@DU?$char_traits@D@std@@V?$allocator@D@2@@std@@@Z) referenced in function "public: __thiscall CppUnit::TestCaller<class VarTableTest>::TestCaller<class VarTableTest>(class std::basic_string<char,struct std::char_traits<char>,class std::allocator<char> >,void (__thiscall VarTableTest::*)(void),class VarTableTest *)" (??0?$TestCaller@VVarTableTest@@@CppUnit@@QAE@V?$basic_string@DU?$char_traits@D@std@@V?$allocator@D@2@@std@@P8VarTableTest@@AEXXZPAV4@@Z)
     1>SPA.lib(TestVarTable.obj) : error LNK2019: unresolved external symbol "public: virtual __thiscall CppUnit::TestCase::~TestCase(void)" (??1TestCase@CppUnit@@UAE@XZ) referenced in function "public: virtual __thiscall CppUnit::TestCaller<class VarTableTest>::~TestCaller<class VarTableTest>(void)" (??1?$TestCaller@VVarTableTest@@@CppUnit@@UAE@XZ)
     1>SPA.lib(TestVarTable.obj) : error LNK2001: unresolved external symbol "public: virtual void __thiscall CppUnit::TestCase::run(class CppUnit::TestResult *)" (?run@TestCase@CppUnit@@UAEXPAVTestResult@2@@Z)
     1>SPA.lib(TestVarTable.obj) : error LNK2001: unresolved external symbol "public: virtual class std::basic_string<char,struct std::char_traits<char>,class std::allocator<char> > __thiscall CppUnit::TestCase::getName(void)const " (?getName@TestCase@CppUnit@@UBE?AV?$basic_string@DU?$char_traits@D@std@@V?$allocator@D@2@@std@@XZ)
     1>SPA.lib(TestVarTable.obj) : error LNK2019: unresolved external symbol "public: __thiscall CppUnit::TestSuite::TestSuite(class std::basic_string<char,struct std::char_traits<char>,class std::allocator<char> >)" (??0TestSuite@CppUnit@@QAE@V?$basic_string@DU?$char_traits@D@std@@V?$allocator@D@2@@std@@@Z) referenced in function "public: static class CppUnit::TestSuite * __cdecl VarTableTest::suite(void)" (?suite@VarTableTest@@SAPAVTestSuite@CppUnit@@XZ)
     1>SPA.lib(TestVarTable.obj) : error LNK2019: unresolved external symbol "public: static class CppUnit::TestFactoryRegistry & __cdecl CppUnit::TestFactoryRegistry::getRegistry(class std::basic_string<char,struct std::char_traits<char>,class std::allocator<char> > const &)" (?getRegistry@TestFactoryRegistry@CppUnit@@SAAAV12@ABV?$basic_string@DU?$char_traits@D@std@@V?$allocator@D@2@@std@@@Z) referenced in function "public: __thiscall CppUnit::AutoRegisterSuite<class VarTableTest>::AutoRegisterSuite<class VarTableTest>(void)" (??0?$AutoRegisterSuite@VVarTableTest@@@CppUnit@@QAE@XZ)
     1>SPA.lib(TestVarTable.obj) : error LNK2019: unresolved external symbol "public: void __thiscall CppUnit::TestFactoryRegistry::registerFactory(class CppUnit::TestFactory *)" (?registerFactory@TestFactoryRegistry@CppUnit@@QAEXPAVTestFactory@2@@Z) referenced in function "public: __thiscall CppUnit::AutoRegisterSuite<class VarTableTest>::AutoRegisterSuite<class VarTableTest>(void)" (??0?$AutoRegisterSuite@VVarTableTest@@@CppUnit@@QAE@XZ)
     1>SPA.lib(TestVarTable.obj) : error LNK2019: unresolved external symbol "public: void __thiscall CppUnit::TestFactoryRegistry::unregisterFactory(class CppUnit::TestFactory *)" (?unregisterFactory@TestFactoryRegistry@CppUnit@@QAEXPAVTestFactory@2@@Z) referenced in function "public: __thiscall CppUnit::AutoRegisterSuite<class VarTableTest>::~AutoRegisterSuite<class VarTableTest>(void)" (??1?$AutoRegisterSuite@VVarTableTest@@@CppUnit@@QAE@XZ)
     1>SPA.lib(TestVarTable.obj) : error LNK2019: unresolved external symbol "public: static bool __cdecl CppUnit::TestFactoryRegistry::isValid(void)" (?isValid@TestFactoryRegistry@CppUnit@@SA_NXZ) referenced in function "public: __thiscall CppUnit::AutoRegisterSuite<class VarTableTest>::~AutoRegisterSuite<class VarTableTest>(void)" (??1?$AutoRegisterSuite@VVarTableTest@@@CppUnit@@QAE@XZ)
     1>SPA.lib(TestVarTable.obj) : error LNK2019: unresolved external symbol "public: __thiscall CppUnit::TestNamer::TestNamer(class type_info const &)" (??0TestNamer@CppUnit@@QAE@ABVtype_info@@@Z) referenced in function "private: static class CppUnit::TestNamer const & __cdecl VarTableTest::getTestNamer__(void)" (?getTestNamer__@VarTableTest@@CAABVTestNamer@CppUnit@@XZ)
     1>SPA.lib(TestVarTable.obj) : error LNK2019: unresolved external symbol "public: virtual __thiscall CppUnit::TestNamer::~TestNamer(void)" (??1TestNamer@CppUnit@@UAE@XZ) referenced in function "void __cdecl `private: static class CppUnit::TestNamer const & __cdecl VarTableTest::getTestNamer__(void)'::`2'::`dynamic atexit destructor for 'testNamer''(void)" (??__FtestNamer@?1??getTestNamer__@VarTableTest@@CAABVTestNamer@CppUnit@@XZ@YAXXZ)
     1>SPA.lib(TestVarTable.obj) : error LNK2019: unresolved external symbol "public: __thiscall CppUnit::TestSuiteBuilderContextBase::TestSuiteBuilderContextBase(class CppUnit::TestSuite &,class CppUnit::TestNamer const &,class CppUnit::TestFixtureFactory &)" (??0TestSuiteBuilderContextBase@CppUnit@@QAE@AAVTestSuite@1@ABVTestNamer@1@AAVTestFixtureFactory@1@@Z) referenced in function "public: static class CppUnit::TestSuite * __cdecl VarTableTest::suite(void)" (?suite@VarTableTest@@SAPAVTestSuite@CppUnit@@XZ)
     1>SPA.lib(TestVarTable.obj) : error LNK2019: unresolved external symbol "public: virtual __thiscall CppUnit::TestSuiteBuilderContextBase::~TestSuiteBuilderContextBase(void)" (??1TestSuiteBuilderContextBase@CppUnit@@UAE@XZ) referenced in function "public: virtual __thiscall CppUnit::TestSuiteBuilderContext<class VarTableTest>::~TestSuiteBuilderContext<class VarTableTest>(void)" (??1?$TestSuiteBuilderContext@VVarTableTest@@@CppUnit@@UAE@XZ)
     1>SPA.lib(TestVarTable.obj) : error LNK2019: unresolved external symbol "public: void __thiscall CppUnit::TestSuiteBuilderContextBase::addTest(class CppUnit::Test *)" (?addTest@TestSuiteBuilderContextBase@CppUnit@@QAEXPAVTest@2@@Z) referenced in function "public: static void __cdecl VarTableTest::addTestsToSuite(class CppUnit::TestSuiteBuilderContextBase &)" (?addTestsToSuite@VarTableTest@@SAXAAVTestSuiteBuilderContextBase@CppUnit@@@Z)
     1>SPA.lib(TestVarTable.obj) : error LNK2019: unresolved external symbol "public: class std::basic_string<char,struct std::char_traits<char>,class std::allocator<char> > __thiscall CppUnit::TestSuiteBuilderContextBase::getTestNameFor(class std::basic_string<char,struct std::char_traits<char>,class std::allocator<char> > const &)const " (?getTestNameFor@TestSuiteBuilderContextBase@CppUnit@@QBE?AV?$basic_string@DU?$char_traits@D@std@@V?$allocator@D@2@@std@@ABV34@@Z) referenced in function "public: static void __cdecl VarTableTest::addTestsToSuite(class CppUnit::TestSuiteBuilderContextBase &)" (?addTestsToSuite@VarTableTest@@SAXAAVTestSuiteBuilderContextBase@CppUnit@@@Z)
     1>SPA.lib(TestVarTable.obj) : error LNK2019: unresolved external symbol "protected: class CppUnit::TestFixture * __thiscall CppUnit::TestSuiteBuilderContextBase::makeTestFixture(void)const " (?makeTestFixture@TestSuiteBuilderContextBase@CppUnit@@IBEPAVTestFixture@2@XZ) referenced in function "public: class VarTableTest * __thiscall CppUnit::TestSuiteBuilderContext<class VarTableTest>::makeFixture(void)const " (?makeFixture@?$TestSuiteBuilderContext@VVarTableTest@@@CppUnit@@QBEPAVVarTableTest@@XZ)
     1>D:\2014 - 2015 Sem1\CS3201\CAP\CS3201\EmptyGeneralTesting\Debug\AutoTester.exe : fatal error LNK1120: 34 unresolved externals
     1>Done Building Project "D:\2014 - 2015 Sem1\CS3201\CAP\CS3201\EmptyGeneralTesting\AutoTester\AutoTester.vcxproj" (build target(s)) -- FAILED.

Build FAILED.

Time Elapsed 00:00:00.32
